<?xml version="1.0" encoding="UTF-8"?>
<!-- Generated by org.testng.reporters.JUnitReportReporter -->
<testsuite hostname="DEEPAK-SRINIVASAN" failures="0" tests="2" name="cucumberOptions.TestNGRunner" time="75.623" errors="0" timestamp="2025-02-03T21:52:28 IST" skipped="0">
  <testcase classname="cucumberOptions.TestNGRunner" name="runScenario" time="68.479"/>
  <testcase classname="cucumberOptions.TestNGRunner" name="runScenario" time="7.144"/>
</testsuite> <!-- cucumberOptions.TestNGRunner -->
